<?xml version="1.0" encoding="UTF-8"?>
<testng-results skipped="0" failed="0" ignored="0" total="1" passed="1">
  <reporter-output>
  </reporter-output>
  <suite name="FREE CRM Application Test Automation Test Suite" duration-ms="12086" started-at="2019-01-15T05:16:25Z" finished-at="2019-01-15T05:16:37Z">
    <groups>
    </groups>
    <test name="Free CRM App Test Cases" duration-ms="12086" started-at="2019-01-15T05:16:25Z" finished-at="2019-01-15T05:16:37Z">
      <class name="com.crm.qa.testcases.LoginPageTest2">
        <test-method status="PASS" signature="setUp()[pri:0, instance:com.crm.qa.testcases.LoginPageTest2@3ffc5af1]" name="setUp" is-config="true" duration-ms="9924" started-at="2019-01-15T10:46:25Z" finished-at="2019-01-15T10:46:35Z">
          <reporter-output>
          </reporter-output>
        </test-method> <!-- setUp -->
        <test-method status="PASS" signature="loginPageTitleTest()[pri:1, instance:com.crm.qa.testcases.LoginPageTest2@3ffc5af1]" name="loginPageTitleTest" duration-ms="25" started-at="2019-01-15T10:46:35Z" finished-at="2019-01-15T10:46:35Z">
          <reporter-output>
          </reporter-output>
        </test-method> <!-- loginPageTitleTest -->
        <test-method status="PASS" signature="tearDown()[pri:0, instance:com.crm.qa.testcases.LoginPageTest2@3ffc5af1]" name="tearDown" is-config="true" duration-ms="2115" started-at="2019-01-15T10:46:35Z" finished-at="2019-01-15T10:46:37Z">
          <reporter-output>
          </reporter-output>
        </test-method> <!-- tearDown -->
      </class> <!-- com.crm.qa.testcases.LoginPageTest2 -->
    </test> <!-- Free CRM App Test Cases -->
  </suite> <!-- FREE CRM Application Test Automation Test Suite -->
</testng-results>
